<?xml version="1.0" encoding="UTF-8"?>
<!-- Generated by org.testng.reporters.JUnitReportReporter -->
<testsuite skipped="0" hostname="GDLA-LT-170925A" name="Testing.TestCases" tests="1" failures="0" timestamp="2020-05-12T20:01:31 CDT" time="0.006" errors="0">
  <testcase name="VerifyServicesLinks" time="0.006" classname="Testing.TestCases"/>
  <system-out/>
</testsuite> <!-- Testing.TestCases -->
